# JRE version: Java(TM) SE Runtime Environment (8.0_05-b13) (build 1.8.0_05-b13)
# Java VM: Java HotSpot(TM) Server VM (25.5-b02 mixed mode linux-x86 )
Heap:
 PSYoungGen      total 131072K, used 57048K [0xd2cc0000, 0xe2380000, 0xe7200000)
  eden space 25856K, 0% used [0xd2cc0000,0xd2cc0000,0xd4600000)
  from space 105216K, 54% used [0xd4600000,0xd7db6240,0xdacc0000)
  to   space 108800K, 0% used [0xdb940000,0xdb940000,0xe2380000)
 ParOldGen       total 321280K, used 321180K [0xaa200000, 0xbdbc0000, 0xd2cc0000)
  object space 321280K, 99% used [0xaa200000,0xbdba73c0,0xbdbc0000)
 Metaspace       used 1586K, capacity 2240K, committed 2328K, reserved 4400K
GC Heap History (10 events):
Event: 11.136 GC heap after
Heap after GC invocations=18 (full 4):
 PSYoungGen      total 105984K, used 55856K [0xd2cc0000, 0xdf300000, 0xe7200000)
  eden space 19200K, 0% used [0xd2cc0000,0xd2cc0000,0xd3f80000)
  from space 86784K, 64% used [0xd3f80000,0xd760c000,0xd9440000)
  to   space 88064K, 0% used [0xd9d00000,0xd9d00000,0xdf300000)
 ParOldGen       total 321280K, used 220386K [0xaa200000, 0xbdbc0000, 0xd2cc0000)
  object space 321280K, 68% used [0xaa200000,0xb79389b8,0xbdbc0000)
 Metaspace       used 1586K, capacity 2240K, committed 2328K, reserved 4400K
}
Event: 11.152 GC heap before
{Heap before GC invocations=19 (full 4):
 PSYoungGen      total 105984K, used 75056K [0xd2cc0000, 0xdf300000, 0xe7200000)
  eden space 19200K, 100% used [0xd2cc0000,0xd3f80000,0xd3f80000)
  from space 86784K, 64% used [0xd3f80000,0xd760c000,0xd9440000)
  to   space 88064K, 0% used [0xd9d00000,0xd9d00000,0xdf300000)
 ParOldGen       total 321280K, used 220386K [0xaa200000, 0xbdbc0000, 0xd2cc0000)
  object space 321280K, 68% used [0xaa200000,0xb79389b8,0xbdbc0000)
 Metaspace       used 1586K, capacity 2240K, committed 2328K, reserved 4400K
Event: 11.700 GC heap after
Heap after GC invocations=19 (full 4):
 PSYoungGen      total 112640K, used 60544K [0xd2cc0000, 0xdf880000, 0xe7200000)
  eden space 24576K, 0% used [0xd2cc0000,0xd2cc0000,0xd44c0000)
  from space 88064K, 68% used [0xd9d00000,0xdd820000,0xdf300000)
  to   space 90368K, 0% used [0xd44c0000,0xd44c0000,0xd9d00000)
 ParOldGen       total 321280K, used 234930K [0xaa200000, 0xbdbc0000, 0xd2cc0000)
  object space 321280K, 73% used [0xaa200000,0xb876c9b8,0xbdbc0000)
 Metaspace       used 1586K, capacity 2240K, committed 2328K, reserved 4400K
}
Event: 11.737 GC heap before
{Heap before GC invocations=20 (full 4):
 PSYoungGen      total 112640K, used 85120K [0xd2cc0000, 0xdf880000, 0xe7200000)
  eden space 24576K, 100% used [0xd2cc0000,0xd44c0000,0xd44c0000)
  from space 88064K, 68% used [0xd9d00000,0xdd820000,0xdf300000)
  to   space 90368K, 0% used [0xd44c0000,0xd44c0000,0xd9d00000)
 ParOldGen       total 321280K, used 258967K [0xaa200000, 0xbdbc0000, 0xd2cc0000)
  object space 321280K, 80% used [0xaa200000,0xb9ee5ca8,0xbdbc0000)
 Metaspace       used 1586K, capacity 2240K, committed 2328K, reserved 4400K
Event: 12.036 GC heap after
Heap after GC invocations=20 (full 4):
 PSYoungGen      total 114944K, used 68240K [0xd2cc0000, 0xe0940000, 0xe7200000)
  eden space 24576K, 0% used [0xd2cc0000,0xd2cc0000,0xd44c0000)
  from space 90368K, 75% used [0xd44c0000,0xd8764000,0xd9d00000)
  to   space 94720K, 0% used [0xdacc0000,0xdacc0000,0xe0940000)
 ParOldGen       total 321280K, used 275923K [0xaa200000, 0xbdbc0000, 0xd2cc0000)
  object space 321280K, 85% used [0xaa200000,0xbaf74ca8,0xbdbc0000)
 Metaspace       used 1586K, capacity 2240K, committed 2328K, reserved 4400K
}
Event: 12.056 GC heap before
{Heap before GC invocations=21 (full 4):
 PSYoungGen      total 114944K, used 92816K [0xd2cc0000, 0xe0940000, 0xe7200000)
  eden space 24576K, 100% used [0xd2cc0000,0xd44c0000,0xd44c0000)
  from space 90368K, 75% used [0xd44c0000,0xd8764000,0xd9d00000)
  to   space 94720K, 0% used [0xdacc0000,0xdacc0000,0xe0940000)
 ParOldGen       total 321280K, used 275923K [0xaa200000, 0xbdbc0000, 0xd2cc0000)
  object space 321280K, 85% used [0xaa200000,0xbaf74ca8,0xbdbc0000)
 Metaspace       used 1586K, capacity 2240K, committed 2328K, reserved 4400K
Event: 12.392 GC heap after
Heap after GC invocations=21 (full 4):
 PSYoungGen      total 120576K, used 87584K [0xd2cc0000, 0xe1a40000, 0xe7200000)
  eden space 25856K, 0% used [0xd2cc0000,0xd2cc0000,0xd4600000)
  from space 94720K, 92% used [0xdacc0000,0xe0248000,0xe0940000)
  to   space 105216K, 0% used [0xd4600000,0xd4600000,0xdacc0000)
 ParOldGen       total 321280K, used 281167K [0xaa200000, 0xbdbc0000, 0xd2cc0000)
  object space 321280K, 87% used [0xaa200000,0xbb493ca8,0xbdbc0000)
 Metaspace       used 1586K, capacity 2240K, committed 2328K, reserved 4400K
}
Event: 12.411 GC heap before
{Heap before GC invocations=22 (full 4):
 PSYoungGen      total 120576K, used 113440K [0xd2cc0000, 0xe1a40000, 0xe7200000)
  eden space 25856K, 100% used [0xd2cc0000,0xd4600000,0xd4600000)
  from space 94720K, 92% used [0xdacc0000,0xe0248000,0xe0940000)
  to   space 105216K, 0% used [0xd4600000,0xd4600000,0xdacc0000)
 ParOldGen       total 321280K, used 281167K [0xaa200000, 0xbdbc0000, 0xd2cc0000)
  object space 321280K, 87% used [0xaa200000,0xbb493ca8,0xbdbc0000)
 Metaspace       used 1586K, capacity 2240K, committed 2328K, reserved 4400K
Event: 12.868 GC heap after
Heap after GC invocations=22 (full 4):
 PSYoungGen      total 131072K, used 75040K [0xd2cc0000, 0xe2380000, 0xe7200000)
  eden space 25856K, 0% used [0xd2cc0000,0xd2cc0000,0xd4600000)
  from space 105216K, 71% used [0xd4600000,0xd8f48000,0xdacc0000)
  to   space 108800K, 0% used [0xdb940000,0xdb940000,0xe2380000)
 ParOldGen       total 321280K, used 319695K [0xaa200000, 0xbdbc0000, 0xd2cc0000)
  object space 321280K, 99% used [0xaa200000,0xbda33ca8,0xbdbc0000)
 Metaspace       used 1586K, capacity 2240K, committed 2328K, reserved 4400K
}
Event: 12.868 GC heap before
{Heap before GC invocations=23 (full 5):
 PSYoungGen      total 131072K, used 75040K [0xd2cc0000, 0xe2380000, 0xe7200000)
  eden space 25856K, 0% used [0xd2cc0000,0xd2cc0000,0xd4600000)
  from space 105216K, 71% used [0xd4600000,0xd8f48000,0xdacc0000)
  to   space 108800K, 0% used [0xdb940000,0xdb940000,0xe2380000)
 ParOldGen       total 321280K, used 319695K [0xaa200000, 0xbdbc0000, 0xd2cc0000)
  object space 321280K, 99% used [0xaa200000,0xbda33ca8,0xbdbc0000)
 Metaspace       used 1586K, capacity 2240K, committed 2328K, reserved 4400K

